<?xml version="1.0" encoding="UTF-8"?>
<!-- Generated by org.testng.reporters.JUnitReportReporter -->
<testsuite skipped="0" hostname="DESKTOP-7UMI6SO" name="tests.PostRequestWPOJO" tests="1" failures="0" timestamp="30 Jul 2020 23:48:47 GMT" time="4.499" errors="0">
  <testcase name="postRequest" time="4.499" classname="tests.PostRequestWPOJO"/>
</testsuite> <!-- tests.PostRequestWPOJO -->
