<?xml version="1.0" encoding="UTF-8"?>
<!-- Generated by org.testng.reporters.JUnitReportReporter -->
<testsuite skipped="0" hostname="DESKTOP-7UMI6SO" name="tests.GetUserTest" tests="1" failures="0" timestamp="26 Jul 2020 20:38:51 GMT" time="4.657" errors="0">
  <testcase name="getUser" time="4.657" classname="tests.GetUserTest"/>
</testsuite> <!-- tests.GetUserTest -->
