<?xml version="1.0" encoding="UTF-8"?>
<!-- Generated by org.testng.reporters.JUnitReportReporter -->
<testsuite skipped="0" hostname="DESKTOP-7UMI6SO" name="tests.CreateUserTest" tests="1" failures="0" timestamp="26 Jul 2020 21:40:27 GMT" time="3.923" errors="0">
  <testcase name="createUser" time="3.923" classname="tests.CreateUserTest"/>
</testsuite> <!-- tests.CreateUserTest -->
