<?xml version="1.0" encoding="UTF-8"?>
<!-- Generated by org.testng.reporters.JUnitReportReporter -->
<testsuite skipped="0" hostname="DESKTOP-7UMI6SO" name="tests.GetUserByParameters" tests="1" failures="0" timestamp="26 Jul 2020 20:58:20 GMT" time="4.084" errors="0">
  <testcase name="getUserByParam" time="4.084" classname="tests.GetUserByParameters"/>
</testsuite> <!-- tests.GetUserByParameters -->
